<?xml version="1.0" encoding="UTF-8"?>
<robot generator="Robot 7.2.2 (Python 3.13.1 on win32)" generated="2025-02-23T11:45:30.299219" rpa="false" schemaversion="5">
<suite id="s1" name="Yodapp-Robot" source="C:\Development\Study\papito\Qax\projects\yodapp-robot">
<suite id="s1-s1" name="Tests" source="C:\Development\Study\papito\Qax\projects\yodapp-robot\tests">
<suite id="s1-s1-s1" name="Checkbox" source="C:\Development\Study\papito\Qax\projects\yodapp-robot\tests\checkbox.robot">
<test id="s1-s1-s1-t1" name="Deve marcar as techs que usam Appium" line="6">
<kw name="Start session" owner="base">
<kw name="Open Application" owner="AppiumLibrary">
<arg>http://localhost:4723</arg>
<arg>platformName=Android</arg>
<arg>deviceName=Android Emulator</arg>
<arg>automationName=UIAutomator2</arg>
<arg>app=${EXECDIR}/app/yodapp-beta.apk</arg>
<arg>autoGrantPermissions=true</arg>
<arg>appWaitActivity=*</arg>
<arg>udid=emulator-5554</arg>
<doc>Opens a new application to given Appium server.
Capabilities of appium server, Android and iOS,
Please check https://appium.io/docs/en/2.1/cli/args/
| *Option*            | *Man.* | *Description*     |
| remote_url          | Yes    | Appium server url |
| alias               | no     | alias             |
| strict_ssl          | No     | allows you to send commands to an invalid certificate host like a self-signed one. |</doc>
<status status="PASS" start="2025-02-23T11:45:30.467556" elapsed="6.821338"/>
</kw>
<status status="PASS" start="2025-02-23T11:45:30.467047" elapsed="6.822022"/>
</kw>
<kw name="Get started" owner="base">
<kw name="Wait Until Page Contains" owner="AppiumLibrary">
<arg>${START}</arg>
<arg>5</arg>
<doc>Waits until `text` appears on current page.</doc>
<status status="PASS" start="2025-02-23T11:45:37.289712" elapsed="5.298280"/>
</kw>
<kw name="Click Text" owner="AppiumLibrary">
<msg time="2025-02-23T11:45:43.056240" level="INFO">xpath criteria: //*[contains(@text,"QAX")]</msg>
<arg>${START}</arg>
<doc>Click text identified by ``text``.</doc>
<status status="PASS" start="2025-02-23T11:45:42.588222" elapsed="0.468260"/>
</kw>
<status status="PASS" start="2025-02-23T11:45:37.289370" elapsed="5.767234"/>
</kw>
<kw name="Navigate to" owner="base">
<kw name="Set Variable" owner="BuiltIn">
<msg time="2025-02-23T11:45:43.057539" level="INFO">${hamburger} = xpath=//android.widget.ImageButton[@content-desc="Open navigation drawer"]</msg>
<var>${hamburger}</var>
<arg>xpath=//android.widget.ImageButton[@content-desc="Open navigation drawer"]</arg>
<doc>Returns the given values which can then be assigned to a variables.</doc>
<status status="PASS" start="2025-02-23T11:45:43.057312" elapsed="0.000347"/>
</kw>
<kw name="Wait Until Element Is Visible" owner="AppiumLibrary">
<msg time="2025-02-23T11:45:44.205107" level="INFO">xpath criteria: //android.widget.ImageButton[@content-desc="Open navigation drawer"]
xpath criteria: //android.widget.ImageButton[@content-desc="Open navigation drawer"]</msg>
<arg>${hamburger}</arg>
<arg>5</arg>
<doc>Waits until element specified with `locator` is visible.</doc>
<status status="PASS" start="2025-02-23T11:45:43.057775" elapsed="1.147706"/>
</kw>
<kw name="Click Element" owner="AppiumLibrary">
<msg time="2025-02-23T11:45:44.206565" level="INFO">Clicking element 'xpath=//android.widget.ImageButton[@content-desc="Open navigation drawer"]'.</msg>
<msg time="2025-02-23T11:45:44.295057" level="INFO">xpath criteria: //android.widget.ImageButton[@content-desc="Open navigation drawer"]</msg>
<arg>${hamburger}</arg>
<doc>Click element identified by `locator`.</doc>
<status status="PASS" start="2025-02-23T11:45:44.205660" elapsed="0.089667"/>
</kw>
<kw name="Set Variable" owner="BuiltIn">
<msg time="2025-02-23T11:45:44.295821" level="INFO">${menu_item} = xpath=//*[@resource-id="com.qaxperience.yodapp:id/navView"]//*[@text="Check e Radio"]</msg>
<var>${menu_item}</var>
<arg>xpath=//*[@resource-id="com.qaxperience.yodapp:id/navView"]//*[@text="${item_text}"]</arg>
<doc>Returns the given values which can then be assigned to a variables.</doc>
<status status="PASS" start="2025-02-23T11:45:44.295484" elapsed="0.000431"/>
</kw>
<kw name="Wait Until Element Is Visible" owner="AppiumLibrary">
<msg time="2025-02-23T11:45:45.315359" level="INFO">xpath criteria: //*[@resource-id="com.qaxperience.yodapp:id/navView"]//*[@text="Check e Radio"]</msg>
<arg>${menu_item}</arg>
<arg>5</arg>
<doc>Waits until element specified with `locator` is visible.</doc>
<status status="PASS" start="2025-02-23T11:45:44.296053" elapsed="1.019525"/>
</kw>
<kw name="Click Element" owner="AppiumLibrary">
<msg time="2025-02-23T11:45:45.316453" level="INFO">Clicking element 'xpath=//*[@resource-id="com.qaxperience.yodapp:id/navView"]//*[@text="Check e Radio"]'.</msg>
<msg time="2025-02-23T11:45:45.461183" level="INFO">xpath criteria: //*[@resource-id="com.qaxperience.yodapp:id/navView"]//*[@text="Check e Radio"]</msg>
<arg>${menu_item}</arg>
<doc>Click element identified by `locator`.</doc>
<status status="PASS" start="2025-02-23T11:45:45.315737" elapsed="0.145665"/>
</kw>
<arg>Check e Radio</arg>
<status status="PASS" start="2025-02-23T11:45:43.056879" elapsed="2.404636"/>
</kw>
<kw name="Go to item" owner="base">
<kw name="Wait Until Page Contains" owner="AppiumLibrary">
<arg>${item}</arg>
<arg>5</arg>
<doc>Waits until `text` appears on current page.</doc>
<status status="PASS" start="2025-02-23T11:45:45.462184" elapsed="0.465507"/>
</kw>
<kw name="Click Text" owner="AppiumLibrary">
<msg time="2025-02-23T11:45:46.481644" level="INFO">xpath criteria: //*[contains(@text,"Checkbox")]</msg>
<arg>${item}</arg>
<doc>Click text identified by ``text``.</doc>
<status status="PASS" start="2025-02-23T11:45:45.927864" elapsed="0.554009"/>
</kw>
<kw name="Wait Until Page Contains" owner="AppiumLibrary">
<arg>${checkpoint}</arg>
<doc>Waits until `text` appears on current page.</doc>
<status status="PASS" start="2025-02-23T11:45:46.482026" elapsed="1.507766"/>
</kw>
<arg>Checkbox</arg>
<arg>Marque as techs que usam Appium</arg>
<status status="PASS" start="2025-02-23T11:45:45.461796" elapsed="2.528126"/>
</kw>
<kw name="Create List" owner="BuiltIn">
<msg time="2025-02-23T11:45:47.990438" level="INFO">@{techs} = [ Ruby | Python | Java | Javascript | C# | Robot Framework ]</msg>
<var>@{techs}</var>
<arg>Ruby</arg>
<arg>Python</arg>
<arg>Java</arg>
<arg>Javascript</arg>
<arg>C#</arg>
<arg>Robot Framework</arg>
<doc>Returns a list containing given items.</doc>
<status status="PASS" start="2025-02-23T11:45:47.990136" elapsed="0.000451"/>
</kw>
<for flavor="IN">
<iter>
<kw name="Click Element" owner="AppiumLibrary">
<msg time="2025-02-23T11:45:47.992295" level="INFO">Clicking element 'xpath=//android.widget.CheckBox[contains(@text, "Ruby")]'.</msg>
<msg time="2025-02-23T11:45:48.098514" level="INFO">xpath criteria: //android.widget.CheckBox[contains(@text, "Ruby")]</msg>
<arg>xpath=//android.widget.CheckBox[contains(@text, "${tech}")]</arg>
<doc>Click element identified by `locator`.</doc>
<status status="PASS" start="2025-02-23T11:45:47.991143" elapsed="0.107644"/>
</kw>
<kw name="Sleep" owner="BuiltIn">
<msg time="2025-02-23T11:45:51.099325" level="INFO">Slept 3 seconds.</msg>
<arg>3</arg>
<doc>Pauses the test executed for the given time.</doc>
<status status="PASS" start="2025-02-23T11:45:48.098954" elapsed="3.000623"/>
</kw>
<var name="${tech}">Ruby</var>
<status status="PASS" start="2025-02-23T11:45:47.990987" elapsed="3.108683"/>
</iter>
<iter>
<kw name="Click Element" owner="AppiumLibrary">
<msg time="2025-02-23T11:45:51.100973" level="INFO">Clicking element 'xpath=//android.widget.CheckBox[contains(@text, "Python")]'.</msg>
<msg time="2025-02-23T11:45:51.201198" level="INFO">xpath criteria: //android.widget.CheckBox[contains(@text, "Python")]</msg>
<arg>xpath=//android.widget.CheckBox[contains(@text, "${tech}")]</arg>
<doc>Click element identified by `locator`.</doc>
<status status="PASS" start="2025-02-23T11:45:51.100147" elapsed="0.101293"/>
</kw>
<kw name="Sleep" owner="BuiltIn">
<msg time="2025-02-23T11:45:54.202801" level="INFO">Slept 3 seconds.</msg>
<arg>3</arg>
<doc>Pauses the test executed for the given time.</doc>
<status status="PASS" start="2025-02-23T11:45:51.201590" elapsed="3.001585"/>
</kw>
<var name="${tech}">Python</var>
<status status="PASS" start="2025-02-23T11:45:51.099794" elapsed="3.103501"/>
</iter>
<iter>
<kw name="Click Element" owner="AppiumLibrary">
<msg time="2025-02-23T11:45:54.204621" level="INFO">Clicking element 'xpath=//android.widget.CheckBox[contains(@text, "Java")]'.</msg>
<msg time="2025-02-23T11:45:54.310349" level="INFO">xpath criteria: //android.widget.CheckBox[contains(@text, "Java")]</msg>
<arg>xpath=//android.widget.CheckBox[contains(@text, "${tech}")]</arg>
<doc>Click element identified by `locator`.</doc>
<status status="PASS" start="2025-02-23T11:45:54.203725" elapsed="0.106832"/>
</kw>
<kw name="Sleep" owner="BuiltIn">
<msg time="2025-02-23T11:45:57.311512" level="INFO">Slept 3 seconds.</msg>
<arg>3</arg>
<doc>Pauses the test executed for the given time.</doc>
<status status="PASS" start="2025-02-23T11:45:54.310743" elapsed="3.001068"/>
</kw>
<var name="${tech}">Java</var>
<status status="PASS" start="2025-02-23T11:45:54.203441" elapsed="3.108491"/>
</iter>
<iter>
<kw name="Click Element" owner="AppiumLibrary">
<msg time="2025-02-23T11:45:57.313404" level="INFO">Clicking element 'xpath=//android.widget.CheckBox[contains(@text, "Javascript")]'.</msg>
<msg time="2025-02-23T11:45:58.303374" level="INFO">xpath criteria: //android.widget.CheckBox[contains(@text, "Javascript")]</msg>
<arg>xpath=//android.widget.CheckBox[contains(@text, "${tech}")]</arg>
<doc>Click element identified by `locator`.</doc>
<status status="PASS" start="2025-02-23T11:45:57.312409" elapsed="0.991212"/>
</kw>
<kw name="Sleep" owner="BuiltIn">
<msg time="2025-02-23T11:46:01.304121" level="INFO">Slept 3 seconds.</msg>
<arg>3</arg>
<doc>Pauses the test executed for the given time.</doc>
<status status="PASS" start="2025-02-23T11:45:58.303763" elapsed="3.000661"/>
</kw>
<var name="${tech}">Javascript</var>
<status status="PASS" start="2025-02-23T11:45:57.312068" elapsed="3.992458"/>
</iter>
<iter>
<kw name="Click Element" owner="AppiumLibrary">
<msg time="2025-02-23T11:46:01.305639" level="INFO">Clicking element 'xpath=//android.widget.CheckBox[contains(@text, "C#")]'.</msg>
<msg time="2025-02-23T11:46:01.464333" level="INFO">xpath criteria: //android.widget.CheckBox[contains(@text, "C#")]</msg>
<arg>xpath=//android.widget.CheckBox[contains(@text, "${tech}")]</arg>
<doc>Click element identified by `locator`.</doc>
<status status="PASS" start="2025-02-23T11:46:01.304927" elapsed="0.159642"/>
</kw>
<kw name="Sleep" owner="BuiltIn">
<msg time="2025-02-23T11:46:04.465159" level="INFO">Slept 3 seconds.</msg>
<arg>3</arg>
<doc>Pauses the test executed for the given time.</doc>
<status status="PASS" start="2025-02-23T11:46:01.464729" elapsed="3.000734"/>
</kw>
<var name="${tech}">C#</var>
<status status="PASS" start="2025-02-23T11:46:01.304652" elapsed="3.160902"/>
</iter>
<iter>
<kw name="Click Element" owner="AppiumLibrary">
<msg time="2025-02-23T11:46:04.466528" level="INFO">Clicking element 'xpath=//android.widget.CheckBox[contains(@text, "Robot Framework")]'.</msg>
<msg time="2025-02-23T11:46:04.580858" level="INFO">xpath criteria: //android.widget.CheckBox[contains(@text, "Robot Framework")]</msg>
<arg>xpath=//android.widget.CheckBox[contains(@text, "${tech}")]</arg>
<doc>Click element identified by `locator`.</doc>
<status status="PASS" start="2025-02-23T11:46:04.465883" elapsed="0.115174"/>
</kw>
<kw name="Sleep" owner="BuiltIn">
<msg time="2025-02-23T11:46:07.581694" level="INFO">Slept 3 seconds.</msg>
<arg>3</arg>
<doc>Pauses the test executed for the given time.</doc>
<status status="PASS" start="2025-02-23T11:46:04.581234" elapsed="3.000765"/>
</kw>
<var name="${tech}">Robot Framework</var>
<status status="PASS" start="2025-02-23T11:46:04.465661" elapsed="3.116428"/>
</iter>
<var>${tech}</var>
<value>@{techs}</value>
<status status="PASS" start="2025-02-23T11:45:47.990735" elapsed="19.591396"/>
</for>
<kw name="Sleep" owner="BuiltIn">
<msg time="2025-02-23T11:46:10.582751" level="INFO">Slept 3 seconds.</msg>
<arg>3</arg>
<doc>Pauses the test executed for the given time.</doc>
<status status="PASS" start="2025-02-23T11:46:07.582379" elapsed="3.000798"/>
</kw>
<kw name="Close session" owner="base">
<kw name="Close Application" owner="AppiumLibrary">
<doc>Closes the current application and also close webdriver session.</doc>
<status status="PASS" start="2025-02-23T11:46:10.583928" elapsed="0.269782"/>
</kw>
<status status="PASS" start="2025-02-23T11:46:10.583581" elapsed="0.270311"/>
</kw>
<status status="PASS" start="2025-02-23T11:45:30.466320" elapsed="40.387868"/>
</test>
<status status="PASS" start="2025-02-23T11:45:30.345047" elapsed="40.510031"/>
</suite>
<status status="PASS" start="2025-02-23T11:45:30.343686" elapsed="40.512373"/>
</suite>
<status status="PASS" start="2025-02-23T11:45:30.329669" elapsed="40.527396"/>
</suite>
<statistics>
<total>
<stat pass="1" fail="0" skip="0">All Tests</stat>
</total>
<tag>
</tag>
<suite>
<stat name="Yodapp-Robot" id="s1" pass="1" fail="0" skip="0">Yodapp-Robot</stat>
<stat name="Tests" id="s1-s1" pass="1" fail="0" skip="0">Yodapp-Robot.Tests</stat>
<stat name="Checkbox" id="s1-s1-s1" pass="1" fail="0" skip="0">Yodapp-Robot.Tests.Checkbox</stat>
</suite>
</statistics>
<errors>
</errors>
</robot>
